-------------------------------------------------------------------------------
Test set: com.torres.app.productos.ProductosApplicationTests
-------------------------------------------------------------------------------
Tests run: 1, Failures: 0, Errors: 1, Skipped: 0, Time elapsed: 2.684 s <<< FAILURE! - in com.torres.app.productos.ProductosApplicationTests
contextLoads  Time elapsed: 0.016 s  <<< ERROR!
java.lang.IllegalStateException: Failed to load ApplicationContext
Caused by: org.springframework.beans.factory.BeanCreationException: Error creating bean with name 'entityManagerFactory' defined in class path resource [org/springframework/boot/autoconfigure/orm/jpa/HibernateJpaConfiguration.class]: Invocation of init method failed; nested exception is org.hibernate.AnnotationException: No identifier specified for entity: com.torres.app.productos.models.entity.Producto
Caused by: org.hibernate.AnnotationException: No identifier specified for entity: com.torres.app.productos.models.entity.Producto

